<?xml version="1.0" encoding="UTF-8"?>
<testsuite name="gift.util.UserEmailValidatorTest" tests="2" skipped="0" failures="0" errors="0" timestamp="2024-07-31T02:00:42" hostname="dogiheons-MacBook-Pro.local" time="0.005">
  <properties/>
  <testcase name="save_emailFailure()" classname="gift.util.UserEmailValidatorTest" time="0.001"/>
  <testcase name="save_emailSuccess()" classname="gift.util.UserEmailValidatorTest" time="0.003"/>
  <system-out><![CDATA[2024-07-31T11:00:42.715+09:00  INFO 9359 --- [spring-gift] [    Test worker] t.c.s.AnnotationConfigContextLoaderUtils : Could not detect default configuration classes for test class [gift.util.UserEmailValidatorTest]: UserEmailValidatorTest does not declare any static, non-private, non-final, nested classes annotated with @Configuration.
2024-07-31T11:00:42.715+09:00  INFO 9359 --- [spring-gift] [    Test worker] .b.t.c.SpringBootTestContextBootstrapper : Found @SpringBootConfiguration gift.Application for test class gift.util.UserEmailValidatorTest
]]></system-out>
  <system-err><![CDATA[]]></system-err>
</testsuite>
