<?xml version="1.0" encoding="UTF-8"?>
<testsuite name="gift.service.ProductServiceTest" tests="2" skipped="0" failures="0" errors="0" timestamp="2024-07-31T02:00:41" hostname="dogiheons-MacBook-Pro.local" time="0.286">
  <properties/>
  <testcase name="product가 삭제되었을 때 product_wishlist에서 해당 행이 삭제되어야 함" classname="gift.service.ProductServiceTest" time="0.145"/>
  <testcase name="카테고리별 상품들만 보여줘야 함" classname="gift.service.ProductServiceTest" time="0.14"/>
  <system-out><![CDATA[2024-07-31T11:00:41.831+09:00  INFO 9359 --- [spring-gift] [    Test worker] t.c.s.AnnotationConfigContextLoaderUtils : Could not detect default configuration classes for test class [gift.service.ProductServiceTest]: ProductServiceTest does not declare any static, non-private, non-final, nested classes annotated with @Configuration.
2024-07-31T11:00:41.832+09:00  INFO 9359 --- [spring-gift] [    Test worker] .b.t.c.SpringBootTestContextBootstrapper : Found @SpringBootConfiguration gift.Application for test class gift.service.ProductServiceTest
Hibernate: select u1_0.id from users u1_0 where u1_0.email=? fetch first ? rows only
Hibernate: insert into users (email,password,id) values (?,?,default)
Hibernate: select u1_0.id,u1_0.email,u1_0.password from users u1_0 where u1_0.email=?
Hibernate: insert into product (category_id,image_url,name,price,user_id,id) values (?,?,?,?,?,default)
Hibernate: select o1_0.id,o1_0.name,o1_0.quantity,u1_0.id,u1_0.email,u1_0.password from option o1_0 left join users u1_0 on u1_0.id=o1_0.user_id where o1_0.id=?
Hibernate: select c1_0.id,c1_0.color,c1_0.description,c1_0.image_url,c1_0.name from category c1_0 where c1_0.id=?
Hibernate: insert into product_option (option_id,option_name,product_id,id) values (?,?,?,default)
Hibernate: select w1_0.id,w1_0.email from wishlist w1_0 where w1_0.email=?
Hibernate: insert into wishlist (email,id) values (?,default)
Hibernate: insert into product_wishlist (product_id,wishlist_id,id) values (?,?,default)
Hibernate: select u1_0.id,u1_0.email,u1_0.password from users u1_0 where u1_0.email=?
Hibernate: select w1_0.id,w1_0.email from wishlist w1_0 where w1_0.email=?
Hibernate: delete from product where id=?
Hibernate: select pw1_0.id,pw1_0.product_id,pw1_0.wishlist_id from product_wishlist pw1_0 where pw1_0.wishlist_id=?
Hibernate: select u1_0.id from users u1_0 where u1_0.email=? fetch first ? rows only
Hibernate: insert into users (email,password,id) values (?,?,default)
Hibernate: insert into category (color,description,image_url,name,id) values (?,?,?,?,default)
Hibernate: select u1_0.id,u1_0.email,u1_0.password from users u1_0 where u1_0.email=?
Hibernate: insert into product (category_id,image_url,name,price,user_id,id) values (?,?,?,?,?,default)
Hibernate: select o1_0.id,o1_0.name,o1_0.quantity,u1_0.id,u1_0.email,u1_0.password from option o1_0 left join users u1_0 on u1_0.id=o1_0.user_id where o1_0.id=?
Hibernate: select c1_0.id,c1_0.color,c1_0.description,c1_0.image_url,c1_0.name from category c1_0 where c1_0.id=?
Hibernate: insert into product_option (option_id,option_name,product_id,id) values (?,?,?,default)
Hibernate: select u1_0.id,u1_0.email,u1_0.password from users u1_0 where u1_0.email=?
Hibernate: insert into product (category_id,image_url,name,price,user_id,id) values (?,?,?,?,?,default)
Hibernate: insert into product_option (option_id,option_name,product_id,id) values (?,?,?,default)
Hibernate: select u1_0.id,u1_0.email,u1_0.password from users u1_0 where u1_0.email=?
Hibernate: insert into product (category_id,image_url,name,price,user_id,id) values (?,?,?,?,?,default)
Hibernate: insert into product_option (option_id,option_name,product_id,id) values (?,?,?,default)
Hibernate: select p1_0.id,p1_0.category_id,p1_0.image_url,p1_0.name,p1_0.price,p1_0.user_id from product p1_0 where p1_0.category_id=? offset ? rows fetch first ? rows only
]]></system-out>
  <system-err><![CDATA[]]></system-err>
</testsuite>
