<?xml version="1.0" encoding="UTF-8"?>
<testsuite name="gift.entity.OptionDTOTest" tests="5" skipped="0" failures="0" errors="0" timestamp="2024-08-02T06:41:35" hostname="dogiheons-MacBook-Pro.local" time="0.155">
  <properties/>
  <testcase name="옵션에_불가능한_특수문자가_있는_경우()" classname="gift.entity.OptionDTOTest" time="0.123"/>
  <testcase name="상품_옵션_수량이_1억개인_경우()" classname="gift.entity.OptionDTOTest" time="0.007"/>
  <testcase name="상품_옵션_수량이_0개인_경우()" classname="gift.entity.OptionDTOTest" time="0.006"/>
  <testcase name="성공_케이스()" classname="gift.entity.OptionDTOTest" time="0.004"/>
  <testcase name="옵션_이름이_50자가_넘는_경우()" classname="gift.entity.OptionDTOTest" time="0.007"/>
  <system-out><![CDATA[2024-08-02T15:41:35.057+09:00  INFO 58961 --- [spring-gift] [    Test worker] t.c.s.AnnotationConfigContextLoaderUtils : Could not detect default configuration classes for test class [gift.entity.OptionDTOTest]: OptionDTOTest does not declare any static, non-private, non-final, nested classes annotated with @Configuration.
2024-08-02T15:41:35.064+09:00  INFO 58961 --- [spring-gift] [    Test worker] .b.t.c.SpringBootTestContextBootstrapper : Found @SpringBootConfiguration gift.Application for test class gift.entity.OptionDTOTest
]]></system-out>
  <system-err><![CDATA[]]></system-err>
</testsuite>
