<?xml version="1.0" encoding="UTF-8"?>
<testsuite name="gift.filter.JwtFilterTest" tests="3" skipped="0" failures="0" errors="0" timestamp="2024-07-31T02:00:39" hostname="dogiheons-MacBook-Pro.local" time="0.19">
  <properties/>
  <testcase name="doFilterWithInvalidTokenTest()" classname="gift.filter.JwtFilterTest" time="0.175"/>
  <testcase name="doFilterWithValidTokenTest()" classname="gift.filter.JwtFilterTest" time="0.008"/>
  <testcase name="doFilterWithoutTokenTest()" classname="gift.filter.JwtFilterTest" time="0.005"/>
  <system-out><![CDATA[2024-07-31T11:00:39.074+09:00  INFO 9359 --- [spring-gift] [    Test worker] t.c.s.AnnotationConfigContextLoaderUtils : Could not detect default configuration classes for test class [gift.filter.JwtFilterTest]: JwtFilterTest does not declare any static, non-private, non-final, nested classes annotated with @Configuration.
2024-07-31T11:00:39.080+09:00  INFO 9359 --- [spring-gift] [    Test worker] .b.t.c.SpringBootTestContextBootstrapper : Found @SpringBootConfiguration gift.Application for test class gift.filter.JwtFilterTest
]]></system-out>
  <system-err><![CDATA[]]></system-err>
</testsuite>
