<?xml version="1.0" encoding="UTF-8"?>
<testsuite name="gift.service.ProductServiceMockTest" tests="1" skipped="0" failures="0" errors="0" timestamp="2024-08-02T06:21:23" hostname="dogiheons-MacBook-Pro.local" time="0.021">
  <properties/>
  <testcase name="상품에_옵션이_한개_이하_존재할_때_옵션_삭제_불가()" classname="gift.service.ProductServiceMockTest" time="0.021"/>
  <system-out><![CDATA[2024-08-02T15:21:21.583+09:00  INFO 54127 --- [spring-gift] [    Test worker] t.c.s.AnnotationConfigContextLoaderUtils : Could not detect default configuration classes for test class [gift.service.ProductServiceMockTest]: ProductServiceMockTest does not declare any static, non-private, non-final, nested classes annotated with @Configuration.
2024-08-02T15:21:21.585+09:00  INFO 54127 --- [spring-gift] [    Test worker] .b.t.c.SpringBootTestContextBootstrapper : Found @SpringBootConfiguration gift.Application for test class gift.service.ProductServiceMockTest

  .   ____          _            __ _ _
 /\\ / ___'_ __ _ _(_)_ __  __ _ \ \ \ \
( ( )\___ | '_ | '_| | '_ \/ _` | \ \ \ \
 \\/  ___)| |_)| | | | | || (_| |  ) ) ) )
  '  |____| .__|_| |_|_| |_\__, | / / / /
 =========|_|==============|___/=/_/_/_/

 :: Spring Boot ::                (v3.3.1)

2024-08-02T15:21:21.616+09:00  INFO 54127 --- [spring-gift] [    Test worker] gift.service.ProductServiceMockTest      : Starting ProductServiceMockTest using Java 21.0.3 with PID 54127 (started by dogiheon in /Users/dogiheon/Desktop/point-copy)
2024-08-02T15:21:21.617+09:00  INFO 54127 --- [spring-gift] [    Test worker] gift.service.ProductServiceMockTest      : The following 1 profile is active: "dev"
2024-08-02T15:21:21.978+09:00  INFO 54127 --- [spring-gift] [    Test worker] .s.d.r.c.RepositoryConfigurationDelegate : Bootstrapping Spring Data JPA repositories in DEFAULT mode.
2024-08-02T15:21:22.006+09:00  INFO 54127 --- [spring-gift] [    Test worker] .s.d.r.c.RepositoryConfigurationDelegate : Finished Spring Data repository scanning in 27 ms. Found 8 JPA repository interfaces.
2024-08-02T15:21:22.210+09:00  INFO 54127 --- [spring-gift] [    Test worker] com.zaxxer.hikari.HikariDataSource       : HikariPool-3 - Starting...
2024-08-02T15:21:22.212+09:00  INFO 54127 --- [spring-gift] [    Test worker] com.zaxxer.hikari.pool.HikariPool        : HikariPool-3 - Added connection conn28: url=jdbc:h2:mem:test user=SA
2024-08-02T15:21:22.213+09:00  INFO 54127 --- [spring-gift] [    Test worker] com.zaxxer.hikari.HikariDataSource       : HikariPool-3 - Start completed.
2024-08-02T15:21:22.260+09:00  INFO 54127 --- [spring-gift] [    Test worker] o.hibernate.jpa.internal.util.LogHelper  : HHH000204: Processing PersistenceUnitInfo [name: default]
2024-08-02T15:21:22.263+09:00  INFO 54127 --- [spring-gift] [    Test worker] o.h.c.internal.RegionFactoryInitiator    : HHH000026: Second-level cache disabled
2024-08-02T15:21:22.271+09:00  INFO 54127 --- [spring-gift] [    Test worker] o.s.o.j.p.SpringPersistenceUnitInfo      : No LoadTimeWeaver setup: ignoring JPA class transformer
2024-08-02T15:21:22.498+09:00  INFO 54127 --- [spring-gift] [    Test worker] o.h.e.t.j.p.i.JtaPlatformInitiator       : HHH000489: No JTA platform available (set 'hibernate.transaction.jta.platform' to enable JTA platform integration)
2024-08-02T15:21:22.499+09:00  INFO 54127 --- [spring-gift] [    Test worker] j.LocalContainerEntityManagerFactoryBean : Initialized JPA EntityManagerFactory for persistence unit 'default'
2024-08-02T15:21:22.700+09:00  WARN 54127 --- [spring-gift] [    Test worker] JpaBaseConfiguration$JpaWebConfiguration : spring.jpa.open-in-view is enabled by default. Therefore, database queries may be performed during view rendering. Explicitly configure spring.jpa.open-in-view to disable this warning
2024-08-02T15:21:23.601+09:00  INFO 54127 --- [spring-gift] [    Test worker] gift.service.ProductServiceMockTest      : Started ProductServiceMockTest in 2.01 seconds (process running for 35.248)
]]></system-out>
  <system-err><![CDATA[]]></system-err>
</testsuite>
