<?xml version="1.0" encoding="UTF-8"?>
<testsuite name="gift.RestTemplateTimeoutTest" tests="1" skipped="0" failures="0" errors="0" timestamp="2024-08-02T06:21:02" hostname="dogiheons-MacBook-Pro.local" time="10.451">
  <properties/>
  <testcase name="restTemplateTimeout()" classname="gift.RestTemplateTimeoutTest" time="10.451"/>
  <system-out><![CDATA[15:20:50.339 [Test worker] INFO org.springframework.test.context.support.AnnotationConfigContextLoaderUtils -- Could not detect default configuration classes for test class [gift.RestTemplateTimeoutTest]: RestTemplateTimeoutTest does not declare any static, non-private, non-final, nested classes annotated with @Configuration.
15:20:50.507 [Test worker] INFO org.springframework.boot.test.context.SpringBootTestContextBootstrapper -- Found @SpringBootConfiguration gift.Application for test class gift.RestTemplateTimeoutTest

  .   ____          _            __ _ _
 /\\ / ___'_ __ _ _(_)_ __  __ _ \ \ \ \
( ( )\___ | '_ | '_| | '_ \/ _` | \ \ \ \
 \\/  ___)| |_)| | | | | || (_| |  ) ) ) )
  '  |____| .__|_| |_|_| |_\__, | / / / /
 =========|_|==============|___/=/_/_/_/

 :: Spring Boot ::                (v3.3.1)

2024-08-02T15:20:51.305+09:00  INFO 54127 --- [spring-gift] [    Test worker] gift.RestTemplateTimeoutTest             : Starting RestTemplateTimeoutTest using Java 21.0.3 with PID 54127 (started by dogiheon in /Users/dogiheon/Desktop/point-copy)
2024-08-02T15:20:51.307+09:00  INFO 54127 --- [spring-gift] [    Test worker] gift.RestTemplateTimeoutTest             : The following 1 profile is active: "dev"
2024-08-02T15:20:53.096+09:00  INFO 54127 --- [spring-gift] [    Test worker] .s.d.r.c.RepositoryConfigurationDelegate : Bootstrapping Spring Data JPA repositories in DEFAULT mode.
2024-08-02T15:20:53.220+09:00  INFO 54127 --- [spring-gift] [    Test worker] .s.d.r.c.RepositoryConfigurationDelegate : Finished Spring Data repository scanning in 110 ms. Found 8 JPA repository interfaces.
2024-08-02T15:20:54.018+09:00  INFO 54127 --- [spring-gift] [    Test worker] com.zaxxer.hikari.HikariDataSource       : HikariPool-1 - Starting...
2024-08-02T15:20:54.380+09:00  INFO 54127 --- [spring-gift] [    Test worker] com.zaxxer.hikari.pool.HikariPool        : HikariPool-1 - Added connection conn0: url=jdbc:h2:mem:test user=SA
2024-08-02T15:20:54.387+09:00  INFO 54127 --- [spring-gift] [    Test worker] com.zaxxer.hikari.HikariDataSource       : HikariPool-1 - Start completed.
2024-08-02T15:20:54.699+09:00  INFO 54127 --- [spring-gift] [    Test worker] o.hibernate.jpa.internal.util.LogHelper  : HHH000204: Processing PersistenceUnitInfo [name: default]
2024-08-02T15:20:54.804+09:00  INFO 54127 --- [spring-gift] [    Test worker] org.hibernate.Version                    : HHH000412: Hibernate ORM core version 6.5.2.Final
2024-08-02T15:20:54.868+09:00  INFO 54127 --- [spring-gift] [    Test worker] o.h.c.internal.RegionFactoryInitiator    : HHH000026: Second-level cache disabled
2024-08-02T15:20:55.517+09:00  INFO 54127 --- [spring-gift] [    Test worker] o.s.o.j.p.SpringPersistenceUnitInfo      : No LoadTimeWeaver setup: ignoring JPA class transformer
2024-08-02T15:20:57.399+09:00  INFO 54127 --- [spring-gift] [    Test worker] o.h.e.t.j.p.i.JtaPlatformInitiator       : HHH000489: No JTA platform available (set 'hibernate.transaction.jta.platform' to enable JTA platform integration)
2024-08-02T15:20:57.405+09:00  INFO 54127 --- [spring-gift] [    Test worker] j.LocalContainerEntityManagerFactoryBean : Initialized JPA EntityManagerFactory for persistence unit 'default'
2024-08-02T15:20:58.707+09:00  INFO 54127 --- [spring-gift] [    Test worker] o.s.d.j.r.query.QueryEnhancerFactory     : Hibernate is in classpath; If applicable, HQL parser will be used.
2024-08-02T15:21:00.333+09:00  WARN 54127 --- [spring-gift] [    Test worker] JpaBaseConfiguration$JpaWebConfiguration : spring.jpa.open-in-view is enabled by default. Therefore, database queries may be performed during view rendering. Explicitly configure spring.jpa.open-in-view to disable this warning
2024-08-02T15:21:02.919+09:00  INFO 54127 --- [spring-gift] [    Test worker] gift.RestTemplateTimeoutTest             : Started RestTemplateTimeoutTest in 12.059 seconds (process running for 14.567)
]]></system-out>
  <system-err><![CDATA[]]></system-err>
</testsuite>
