<?xml version="1.0" encoding="UTF-8"?>
<testsuite name="gift.service.OrderServiceIntegrationTest" tests="1" skipped="0" failures="0" errors="0" timestamp="2024-08-02T06:21:21" hostname="dogiheons-MacBook-Pro.local" time="0.409">
  <properties/>
  <testcase name="orderSaveTest()" classname="gift.service.OrderServiceIntegrationTest" time="0.409"/>
  <system-out><![CDATA[2024-08-02T15:21:21.165+09:00  INFO 54127 --- [spring-gift] [    Test worker] t.c.s.AnnotationConfigContextLoaderUtils : Could not detect default configuration classes for test class [gift.service.OrderServiceIntegrationTest]: OrderServiceIntegrationTest does not declare any static, non-private, non-final, nested classes annotated with @Configuration.
2024-08-02T15:21:21.167+09:00  INFO 54127 --- [spring-gift] [    Test worker] .b.t.c.SpringBootTestContextBootstrapper : Found @SpringBootConfiguration gift.Application for test class gift.service.OrderServiceIntegrationTest
Hibernate: select u1_0.id from users u1_0 where u1_0.email=? fetch first ? rows only
Hibernate: insert into users (email,password,point,id) values (?,?,?,default)
Hibernate: select u1_0.id,u1_0.email,u1_0.password,u1_0.point from users u1_0 where u1_0.email=?
Hibernate: insert into product (category_id,image_url,name,price,user_id,id) values (?,?,?,?,?,default)
Hibernate: select o1_0.id,o1_0.name,o1_0.quantity,u1_0.id,u1_0.email,u1_0.password,u1_0.point from option o1_0 left join users u1_0 on u1_0.id=o1_0.user_id where o1_0.id=?
Hibernate: select c1_0.id,c1_0.color,c1_0.description,c1_0.image_url,c1_0.name from category c1_0 where c1_0.id=?
Hibernate: insert into product_option (option_id,option_name,product_id,id) values (?,?,?,default)
Hibernate: select u1_0.id,u1_0.email,u1_0.password,u1_0.point from users u1_0 where u1_0.email=?
Hibernate: select u1_0.id,u1_0.email,u1_0.password,u1_0.point from users u1_0 where u1_0.email=?
Hibernate: insert into option (name,quantity,user_id,id) values (?,?,?,default)
Hibernate: insert into product_option (option_id,option_name,product_id,id) values (?,?,?,default)
Hibernate: select w1_0.id,w1_0.email from wishlist w1_0 where w1_0.email=?
Hibernate: insert into wishlist (email,id) values (?,default)
Hibernate: insert into product_wishlist (product_id,wishlist_id,id) values (?,?,default)
Hibernate: select po1_0.id,po1_0.option_id,po1_0.option_name,po1_0.product_id from product_option po1_0 where po1_0.product_id=? and po1_0.option_id=?
Hibernate: select u1_0.id,u1_0.email,u1_0.password,u1_0.point from users u1_0 where u1_0.email=?
Hibernate: select w1_0.id,w1_0.email from wishlist w1_0 where w1_0.email=?
Hibernate: delete from product_wishlist pw1_0 where pw1_0.product_id=? and pw1_0.wishlist_id=?
Hibernate: insert into orders (message,option_id,order_date_time,product_id,quantity,user_id,id) values (?,?,?,?,?,?,default)
Hibernate: select w1_0.id,w1_0.email from wishlist w1_0 where w1_0.email=?
Hibernate: select pw1_0.id,pw1_0.product_id,pw1_0.wishlist_id from product_wishlist pw1_0 where pw1_0.wishlist_id=?
]]></system-out>
  <system-err><![CDATA[]]></system-err>
</testsuite>
