<?xml version="1.0" encoding="UTF-8"?>
<testsuite name="gift.util.ProductNameValidatorTest" tests="5" skipped="0" failures="0" errors="0" timestamp="2024-07-31T02:00:42" hostname="dogiheons-MacBook-Pro.local" time="0.019">
  <properties/>
  <testcase name="save_nameWithStrangeChar()" classname="gift.util.ProductNameValidatorTest" time="0.003"/>
  <testcase name="save_nameWithKakao()" classname="gift.util.ProductNameValidatorTest" time="0.002"/>
  <testcase name="save_nameSuccess()" classname="gift.util.ProductNameValidatorTest" time="0.005"/>
  <testcase name="save_nameLongerThan15Char_eng()" classname="gift.util.ProductNameValidatorTest" time="0.002"/>
  <testcase name="save_nameLongerThan15Char_kor()" classname="gift.util.ProductNameValidatorTest" time="0.003"/>
  <system-out><![CDATA[2024-07-31T11:00:42.693+09:00  INFO 9359 --- [spring-gift] [    Test worker] t.c.s.AnnotationConfigContextLoaderUtils : Could not detect default configuration classes for test class [gift.util.ProductNameValidatorTest]: ProductNameValidatorTest does not declare any static, non-private, non-final, nested classes annotated with @Configuration.
2024-07-31T11:00:42.693+09:00  INFO 9359 --- [spring-gift] [    Test worker] .b.t.c.SpringBootTestContextBootstrapper : Found @SpringBootConfiguration gift.Application for test class gift.util.ProductNameValidatorTest
]]></system-out>
  <system-err><![CDATA[]]></system-err>
</testsuite>
