<?xml version="1.0" encoding="UTF-8"?>
<testsuite name="gift.repository.WishlistRepositoryTest" tests="2" skipped="0" failures="0" errors="0" timestamp="2024-08-02T06:41:39" hostname="dogiheons-MacBook-Pro.local" time="0.038">
  <properties/>
  <testcase name="find()" classname="gift.repository.WishlistRepositoryTest" time="0.023"/>
  <testcase name="save()" classname="gift.repository.WishlistRepositoryTest" time="0.014"/>
  <system-out><![CDATA[2024-08-02T15:41:39.323+09:00  INFO 58961 --- [spring-gift] [    Test worker] t.c.s.AnnotationConfigContextLoaderUtils : Could not detect default configuration classes for test class [gift.repository.WishlistRepositoryTest]: WishlistRepositoryTest does not declare any static, non-private, non-final, nested classes annotated with @Configuration.
2024-08-02T15:41:39.332+09:00  INFO 58961 --- [spring-gift] [    Test worker] .b.t.c.SpringBootTestContextBootstrapper : Found @SpringBootConfiguration gift.Application for test class gift.repository.WishlistRepositoryTest
Hibernate: insert into wishlist (email,id) values (?,default)
Hibernate: select w1_0.id,w1_0.email from wishlist w1_0 where w1_0.email=?
Hibernate: insert into wishlist (email,id) values (?,default)
]]></system-out>
  <system-err><![CDATA[]]></system-err>
</testsuite>
