<?xml version="1.0" encoding="UTF-8"?>
<testsuite name="gift.entity.ProductDTOTest" tests="7" skipped="0" failures="0" errors="0" timestamp="2024-07-31T02:00:37" hostname="dogiheons-MacBook-Pro.local" time="0.048">
  <properties/>
  <testcase name="이름에_카카오_포함_불가능_성공_테스트()" classname="gift.entity.ProductDTOTest" time="0.02"/>
  <testcase name="이름에_카카오_포함_불가능_실패_테스트()" classname="gift.entity.ProductDTOTest" time="0.005"/>
  <testcase name="상품_이름은_공백을_포함하여_최대_15자까지만_가능_성공_테스트()" classname="gift.entity.ProductDTOTest" time="0.003"/>
  <testcase name="상품_이름은_공백을_포함하여_최대_15자까지만_가능_실패_테스트()" classname="gift.entity.ProductDTOTest" time="0.004"/>
  <testcase name="성공_테스트()" classname="gift.entity.ProductDTOTest" time="0.003"/>
  <testcase name="특정_특수문자만_사용가능_성공_테스트()" classname="gift.entity.ProductDTOTest" time="0.004"/>
  <testcase name="특정_특수문자만_사용가능_실패_테스트()" classname="gift.entity.ProductDTOTest" time="0.003"/>
  <system-out><![CDATA[2024-07-31T11:00:37.709+09:00  INFO 9359 --- [spring-gift] [    Test worker] t.c.s.AnnotationConfigContextLoaderUtils : Could not detect default configuration classes for test class [gift.entity.ProductDTOTest]: ProductDTOTest does not declare any static, non-private, non-final, nested classes annotated with @Configuration.
2024-07-31T11:00:37.710+09:00  INFO 9359 --- [spring-gift] [    Test worker] .b.t.c.SpringBootTestContextBootstrapper : Found @SpringBootConfiguration gift.Application for test class gift.entity.ProductDTOTest
]]></system-out>
  <system-err><![CDATA[]]></system-err>
</testsuite>
