<?xml version="1.0" encoding="UTF-8"?>
<testsuite name="gift.repository.ProductWishlistRepositoryTest" tests="1" skipped="0" failures="0" errors="0" timestamp="2024-08-02T06:41:39" hostname="dogiheons-MacBook-Pro.local" time="0.048">
  <properties/>
  <testcase name="deleteByProductIdAndWishlistId_테스트()" classname="gift.repository.ProductWishlistRepositoryTest" time="0.048"/>
  <system-out><![CDATA[2024-08-02T15:41:38.429+09:00  INFO 58961 --- [spring-gift] [    Test worker] t.c.s.AnnotationConfigContextLoaderUtils : Could not detect default configuration classes for test class [gift.repository.ProductWishlistRepositoryTest]: ProductWishlistRepositoryTest does not declare any static, non-private, non-final, nested classes annotated with @Configuration.
2024-08-02T15:41:38.466+09:00  INFO 58961 --- [spring-gift] [    Test worker] .b.t.c.SpringBootTestContextBootstrapper : Found @SpringBootConfiguration gift.Application for test class gift.repository.ProductWishlistRepositoryTest

  .   ____          _            __ _ _
 /\\ / ___'_ __ _ _(_)_ __  __ _ \ \ \ \
( ( )\___ | '_ | '_| | '_ \/ _` | \ \ \ \
 \\/  ___)| |_)| | | | | || (_| |  ) ) ) )
  '  |____| .__|_| |_|_| |_\__, | / / / /
 =========|_|==============|___/=/_/_/_/

 :: Spring Boot ::                (v3.3.1)

2024-08-02T15:41:38.508+09:00  INFO 58961 --- [spring-gift] [    Test worker] g.r.ProductWishlistRepositoryTest        : Starting ProductWishlistRepositoryTest using Java 21.0.3 with PID 58961 (started by dogiheon in /Users/dogiheon/Desktop/point-copy)
2024-08-02T15:41:38.509+09:00  INFO 58961 --- [spring-gift] [    Test worker] g.r.ProductWishlistRepositoryTest        : The following 1 profile is active: "dev"
2024-08-02T15:41:38.635+09:00  INFO 58961 --- [spring-gift] [    Test worker] .s.d.r.c.RepositoryConfigurationDelegate : Bootstrapping Spring Data JPA repositories in DEFAULT mode.
2024-08-02T15:41:38.661+09:00  INFO 58961 --- [spring-gift] [    Test worker] .s.d.r.c.RepositoryConfigurationDelegate : Finished Spring Data repository scanning in 25 ms. Found 8 JPA repository interfaces.
2024-08-02T15:41:38.682+09:00  INFO 58961 --- [spring-gift] [    Test worker] beddedDataSourceBeanFactoryPostProcessor : Replacing 'dataSource' DataSource bean with embedded version
2024-08-02T15:41:38.714+09:00  INFO 58961 --- [spring-gift] [    Test worker] o.s.j.d.e.EmbeddedDatabaseFactory        : Starting embedded database: url='jdbc:h2:mem:183b50ba-97b2-42d4-9fba-569b41daaa7b;DB_CLOSE_DELAY=-1;DB_CLOSE_ON_EXIT=false', username='sa'
2024-08-02T15:41:38.781+09:00  INFO 58961 --- [spring-gift] [    Test worker] o.hibernate.jpa.internal.util.LogHelper  : HHH000204: Processing PersistenceUnitInfo [name: default]
2024-08-02T15:41:38.785+09:00  INFO 58961 --- [spring-gift] [    Test worker] o.h.c.internal.RegionFactoryInitiator    : HHH000026: Second-level cache disabled
2024-08-02T15:41:38.796+09:00  INFO 58961 --- [spring-gift] [    Test worker] o.s.o.j.p.SpringPersistenceUnitInfo      : No LoadTimeWeaver setup: ignoring JPA class transformer
2024-08-02T15:41:39.043+09:00  INFO 58961 --- [spring-gift] [    Test worker] o.h.e.t.j.p.i.JtaPlatformInitiator       : HHH000489: No JTA platform available (set 'hibernate.transaction.jta.platform' to enable JTA platform integration)
2024-08-02T15:41:39.043+09:00  INFO 58961 --- [spring-gift] [    Test worker] j.LocalContainerEntityManagerFactoryBean : Initialized JPA EntityManagerFactory for persistence unit 'default'
2024-08-02T15:41:39.200+09:00  INFO 58961 --- [spring-gift] [    Test worker] g.r.ProductWishlistRepositoryTest        : Started ProductWishlistRepositoryTest in 0.73 seconds (process running for 25.085)
Hibernate: insert into product (category_id,image_url,name,price,user_id,id) values (?,?,?,?,?,default)
Hibernate: insert into wishlist (email,id) values (?,default)
Hibernate: insert into product_wishlist (product_id,wishlist_id,id) values (?,?,default)
Hibernate: delete from product_wishlist pw1_0 where pw1_0.product_id=? and pw1_0.wishlist_id=?
Hibernate: select pw1_0.id,pw1_0.product_id,pw1_0.wishlist_id from product_wishlist pw1_0 where pw1_0.product_id=? and pw1_0.wishlist_id=?
]]></system-out>
  <system-err><![CDATA[]]></system-err>
</testsuite>
