<?xml version="1.0" encoding="UTF-8"?>
<testsuite name="gift.entity.UserDTOTest" tests="2" skipped="0" failures="0" errors="0" timestamp="2024-08-02T06:41:35" hostname="dogiheons-MacBook-Pro.local" time="0.033">
  <properties/>
  <testcase name="이메일_형식이_맞는_경우_테스트()" classname="gift.entity.UserDTOTest" time="0.021"/>
  <testcase name="이메일_형식이_아닌_경우_테스트()" classname="gift.entity.UserDTOTest" time="0.005"/>
  <system-out><![CDATA[2024-08-02T15:41:35.499+09:00  INFO 58961 --- [spring-gift] [    Test worker] t.c.s.AnnotationConfigContextLoaderUtils : Could not detect default configuration classes for test class [gift.entity.UserDTOTest]: UserDTOTest does not declare any static, non-private, non-final, nested classes annotated with @Configuration.
2024-08-02T15:41:35.508+09:00  INFO 58961 --- [spring-gift] [    Test worker] .b.t.c.SpringBootTestContextBootstrapper : Found @SpringBootConfiguration gift.Application for test class gift.entity.UserDTOTest
]]></system-out>
  <system-err><![CDATA[]]></system-err>
</testsuite>
