<?xml version="1.0" encoding="UTF-8"?>
<testsuite name="gift.RestTemplateTimeoutTest" tests="1" skipped="0" failures="0" errors="0" timestamp="2024-08-02T06:41:24" hostname="dogiheons-MacBook-Pro.local" time="10.321">
  <properties/>
  <testcase name="restTemplateTimeout()" classname="gift.RestTemplateTimeoutTest" time="10.321"/>
  <system-out><![CDATA[15:41:15.309 [Test worker] INFO org.springframework.test.context.support.AnnotationConfigContextLoaderUtils -- Could not detect default configuration classes for test class [gift.RestTemplateTimeoutTest]: RestTemplateTimeoutTest does not declare any static, non-private, non-final, nested classes annotated with @Configuration.
15:41:15.463 [Test worker] INFO org.springframework.boot.test.context.SpringBootTestContextBootstrapper -- Found @SpringBootConfiguration gift.Application for test class gift.RestTemplateTimeoutTest

  .   ____          _            __ _ _
 /\\ / ___'_ __ _ _(_)_ __  __ _ \ \ \ \
( ( )\___ | '_ | '_| | '_ \/ _` | \ \ \ \
 \\/  ___)| |_)| | | | | || (_| |  ) ) ) )
  '  |____| .__|_| |_|_| |_\__, | / / / /
 =========|_|==============|___/=/_/_/_/

 :: Spring Boot ::                (v3.3.1)

2024-08-02T15:41:15.967+09:00  INFO 58961 --- [spring-gift] [    Test worker] gift.RestTemplateTimeoutTest             : Starting RestTemplateTimeoutTest using Java 21.0.3 with PID 58961 (started by dogiheon in /Users/dogiheon/Desktop/point-copy)
2024-08-02T15:41:15.970+09:00  INFO 58961 --- [spring-gift] [    Test worker] gift.RestTemplateTimeoutTest             : The following 1 profile is active: "dev"
2024-08-02T15:41:17.174+09:00  INFO 58961 --- [spring-gift] [    Test worker] .s.d.r.c.RepositoryConfigurationDelegate : Bootstrapping Spring Data JPA repositories in DEFAULT mode.
2024-08-02T15:41:17.300+09:00  INFO 58961 --- [spring-gift] [    Test worker] .s.d.r.c.RepositoryConfigurationDelegate : Finished Spring Data repository scanning in 109 ms. Found 8 JPA repository interfaces.
2024-08-02T15:41:18.033+09:00  INFO 58961 --- [spring-gift] [    Test worker] com.zaxxer.hikari.HikariDataSource       : HikariPool-1 - Starting...
2024-08-02T15:41:18.341+09:00  INFO 58961 --- [spring-gift] [    Test worker] com.zaxxer.hikari.pool.HikariPool        : HikariPool-1 - Added connection conn0: url=jdbc:h2:mem:test user=SA
2024-08-02T15:41:18.343+09:00  INFO 58961 --- [spring-gift] [    Test worker] com.zaxxer.hikari.HikariDataSource       : HikariPool-1 - Start completed.
2024-08-02T15:41:18.568+09:00  INFO 58961 --- [spring-gift] [    Test worker] o.hibernate.jpa.internal.util.LogHelper  : HHH000204: Processing PersistenceUnitInfo [name: default]
2024-08-02T15:41:18.663+09:00  INFO 58961 --- [spring-gift] [    Test worker] org.hibernate.Version                    : HHH000412: Hibernate ORM core version 6.5.2.Final
2024-08-02T15:41:18.719+09:00  INFO 58961 --- [spring-gift] [    Test worker] o.h.c.internal.RegionFactoryInitiator    : HHH000026: Second-level cache disabled
2024-08-02T15:41:19.232+09:00  INFO 58961 --- [spring-gift] [    Test worker] o.s.o.j.p.SpringPersistenceUnitInfo      : No LoadTimeWeaver setup: ignoring JPA class transformer
2024-08-02T15:41:21.006+09:00  INFO 58961 --- [spring-gift] [    Test worker] o.h.e.t.j.p.i.JtaPlatformInitiator       : HHH000489: No JTA platform available (set 'hibernate.transaction.jta.platform' to enable JTA platform integration)
2024-08-02T15:41:21.011+09:00  INFO 58961 --- [spring-gift] [    Test worker] j.LocalContainerEntityManagerFactoryBean : Initialized JPA EntityManagerFactory for persistence unit 'default'
2024-08-02T15:41:21.925+09:00  INFO 58961 --- [spring-gift] [    Test worker] o.s.d.j.r.query.QueryEnhancerFactory     : Hibernate is in classpath; If applicable, HQL parser will be used.
2024-08-02T15:41:23.032+09:00  WARN 58961 --- [spring-gift] [    Test worker] JpaBaseConfiguration$JpaWebConfiguration : spring.jpa.open-in-view is enabled by default. Therefore, database queries may be performed during view rendering. Explicitly configure spring.jpa.open-in-view to disable this warning
2024-08-02T15:41:24.704+09:00  INFO 58961 --- [spring-gift] [    Test worker] gift.RestTemplateTimeoutTest             : Started RestTemplateTimeoutTest in 9.022 seconds (process running for 10.589)
]]></system-out>
  <system-err><![CDATA[]]></system-err>
</testsuite>
