<?xml version="1.0" encoding="UTF-8"?>
<testsuite name="gift.repository.UserRepositoryTest" tests="2" skipped="0" failures="0" errors="0" timestamp="2024-08-02T06:21:18" hostname="dogiheons-MacBook-Pro.local" time="0.059">
  <properties/>
  <testcase name="existsByEmail_존재O()" classname="gift.repository.UserRepositoryTest" time="0.037"/>
  <testcase name="existsByEmail_존재X()" classname="gift.repository.UserRepositoryTest" time="0.021"/>
  <system-out><![CDATA[2024-08-02T15:21:18.598+09:00  INFO 54127 --- [spring-gift] [    Test worker] t.c.s.AnnotationConfigContextLoaderUtils : Could not detect default configuration classes for test class [gift.repository.UserRepositoryTest]: UserRepositoryTest does not declare any static, non-private, non-final, nested classes annotated with @Configuration.
2024-08-02T15:21:18.620+09:00  INFO 54127 --- [spring-gift] [    Test worker] .b.t.c.SpringBootTestContextBootstrapper : Found @SpringBootConfiguration gift.Application for test class gift.repository.UserRepositoryTest
Hibernate: insert into users (email,password,point,id) values (?,?,?,default)
Hibernate: select u1_0.id from users u1_0 where u1_0.email=? fetch first ? rows only
Hibernate: insert into users (email,password,point,id) values (?,?,?,default)
Hibernate: select u1_0.id from users u1_0 where u1_0.email=? fetch first ? rows only
]]></system-out>
  <system-err><![CDATA[]]></system-err>
</testsuite>
