<?xml version="1.0" encoding="UTF-8"?>
<testsuite name="gift.service.OptionServiceTest" tests="7" skipped="0" failures="0" errors="0" timestamp="2024-08-02T06:41:39" hostname="dogiheons-MacBook-Pro.local" time="1.752">
  <properties/>
  <testcase name="subtract_성공()" classname="gift.service.OptionServiceTest" time="0.273"/>
  <testcase name="delete()" classname="gift.service.OptionServiceTest" time="0.261"/>
  <testcase name="같은_이름의_option이_product에_있을_때()" classname="gift.service.OptionServiceTest" time="0.254"/>
  <testcase name="update()" classname="gift.service.OptionServiceTest" time="0.226"/>
  <testcase name="findById()" classname="gift.service.OptionServiceTest" time="0.213"/>
  <testcase name="subtract_total_보다_amount가_더_많은_테스트()" classname="gift.service.OptionServiceTest" time="0.238"/>
  <testcase name="amount가_0_이하인_테스트()" classname="gift.service.OptionServiceTest" time="0.277"/>
  <system-out><![CDATA[2024-08-02T15:41:39.479+09:00  INFO 58961 --- [spring-gift] [    Test worker] t.c.s.AnnotationConfigContextLoaderUtils : Could not detect default configuration classes for test class [gift.service.OptionServiceTest]: OptionServiceTest does not declare any static, non-private, non-final, nested classes annotated with @Configuration.
2024-08-02T15:41:39.481+09:00  INFO 58961 --- [spring-gift] [    Test worker] .b.t.c.SpringBootTestContextBootstrapper : Found @SpringBootConfiguration gift.Application for test class gift.service.OptionServiceTest
Hibernate: select u1_0.id from users u1_0 where u1_0.email=? fetch first ? rows only
Hibernate: insert into users (email,password,point,id) values (?,?,?,default)
Hibernate: select u1_0.id,u1_0.email,u1_0.password,u1_0.point from users u1_0 where u1_0.email=?
Hibernate: select u1_0.id,u1_0.email,u1_0.password,u1_0.point from users u1_0 where u1_0.email=?
Hibernate: insert into option (name,quantity,user_id,id) values (?,?,?,default)
Hibernate: select u1_0.id from users u1_0 where u1_0.email=? fetch first ? rows only
Hibernate: insert into users (email,password,point,id) values (?,?,?,default)
Hibernate: select u1_0.id,u1_0.email,u1_0.password,u1_0.point from users u1_0 where u1_0.email=?
Hibernate: select u1_0.id,u1_0.email,u1_0.password,u1_0.point from users u1_0 where u1_0.email=?
Hibernate: insert into option (name,quantity,user_id,id) values (?,?,?,default)
Hibernate: select u1_0.id,u1_0.email,u1_0.password,u1_0.point from users u1_0 where u1_0.email=?
Hibernate: select u1_0.id,u1_0.email,u1_0.password,u1_0.point from users u1_0 where u1_0.email=?
Hibernate: select u1_0.id from users u1_0 where u1_0.email=? fetch first ? rows only
Hibernate: insert into users (email,password,point,id) values (?,?,?,default)
Hibernate: select u1_0.id,u1_0.email,u1_0.password,u1_0.point from users u1_0 where u1_0.email=?
Hibernate: select u1_0.id,u1_0.email,u1_0.password,u1_0.point from users u1_0 where u1_0.email=?
Hibernate: insert into option (name,quantity,user_id,id) values (?,?,?,default)
Hibernate: select u1_0.id,u1_0.email,u1_0.password,u1_0.point from users u1_0 where u1_0.email=?
Hibernate: insert into product (category_id,image_url,name,price,user_id,id) values (?,?,?,?,?,default)
Hibernate: select o1_0.id,o1_0.name,o1_0.quantity,u1_0.id,u1_0.email,u1_0.password,u1_0.point from option o1_0 left join users u1_0 on u1_0.id=o1_0.user_id where o1_0.id=?
Hibernate: select c1_0.id,c1_0.color,c1_0.description,c1_0.image_url,c1_0.name from category c1_0 where c1_0.id=?
Hibernate: insert into product_option (option_id,option_name,product_id,id) values (?,?,?,default)
Hibernate: select u1_0.id,u1_0.email,u1_0.password,u1_0.point from users u1_0 where u1_0.email=?
Hibernate: select u1_0.id,u1_0.email,u1_0.password,u1_0.point from users u1_0 where u1_0.email=?
Hibernate: insert into option (name,quantity,user_id,id) values (?,?,?,default)
Hibernate: insert into product_option (option_id,option_name,product_id,id) values (?,?,?,default)
Hibernate: select u1_0.id,u1_0.email,u1_0.password,u1_0.point from users u1_0 where u1_0.email=?
Hibernate: select u1_0.id,u1_0.email,u1_0.password,u1_0.point from users u1_0 where u1_0.email=?
Hibernate: insert into option (name,quantity,user_id,id) values (?,?,?,default)
Hibernate: insert into product_option (option_id,option_name,product_id,id) values (?,?,?,default)
2024-08-02T15:41:40.264+09:00  WARN 58961 --- [spring-gift] [    Test worker] o.h.engine.jdbc.spi.SqlExceptionHelper   : SQL Error: 23505, SQLState: 23505
2024-08-02T15:41:40.264+09:00 ERROR 58961 --- [spring-gift] [    Test worker] o.h.engine.jdbc.spi.SqlExceptionHelper   : Unique index or primary key violation: "PUBLIC.CONSTRAINT_INDEX_14D4 ON PUBLIC.PRODUCT_OPTION(PRODUCT_ID NULLS FIRST, OPTION_NAME NULLS FIRST) VALUES ( /* key:5 */ CAST(4 AS BIGINT), 'abc')"; SQL statement:
insert into product_option (option_id,option_name,product_id,id) values (?,?,?,default) [23505-224]
Hibernate: select u1_0.id from users u1_0 where u1_0.email=? fetch first ? rows only
Hibernate: insert into users (email,password,point,id) values (?,?,?,default)
Hibernate: select u1_0.id,u1_0.email,u1_0.password,u1_0.point from users u1_0 where u1_0.email=?
Hibernate: select u1_0.id,u1_0.email,u1_0.password,u1_0.point from users u1_0 where u1_0.email=?
Hibernate: insert into option (name,quantity,user_id,id) values (?,?,?,default)
Hibernate: select u1_0.id,u1_0.email,u1_0.password,u1_0.point from users u1_0 where u1_0.email=?
Hibernate: select u1_0.id from users u1_0 where u1_0.email=? fetch first ? rows only
Hibernate: insert into users (email,password,point,id) values (?,?,?,default)
Hibernate: select u1_0.id,u1_0.email,u1_0.password,u1_0.point from users u1_0 where u1_0.email=?
Hibernate: select u1_0.id,u1_0.email,u1_0.password,u1_0.point from users u1_0 where u1_0.email=?
Hibernate: insert into option (name,quantity,user_id,id) values (?,?,?,default)
Hibernate: select u1_0.id from users u1_0 where u1_0.email=? fetch first ? rows only
Hibernate: insert into users (email,password,point,id) values (?,?,?,default)
Hibernate: select u1_0.id,u1_0.email,u1_0.password,u1_0.point from users u1_0 where u1_0.email=?
Hibernate: select u1_0.id,u1_0.email,u1_0.password,u1_0.point from users u1_0 where u1_0.email=?
Hibernate: insert into option (name,quantity,user_id,id) values (?,?,?,default)
Hibernate: select u1_0.id from users u1_0 where u1_0.email=? fetch first ? rows only
Hibernate: insert into users (email,password,point,id) values (?,?,?,default)
Hibernate: select u1_0.id,u1_0.email,u1_0.password,u1_0.point from users u1_0 where u1_0.email=?
Hibernate: select u1_0.id,u1_0.email,u1_0.password,u1_0.point from users u1_0 where u1_0.email=?
Hibernate: insert into option (name,quantity,user_id,id) values (?,?,?,default)
]]></system-out>
  <system-err><![CDATA[]]></system-err>
</testsuite>
