<?xml version="1.0" encoding="UTF-8"?>
<testsuite name="gift.util.ProductIdValidatorTest" tests="2" skipped="0" failures="0" errors="0" timestamp="2024-08-02T06:21:25" hostname="dogiheons-MacBook-Pro.local" time="0.563">
  <properties/>
  <testcase name="save_existingProductId()" classname="gift.util.ProductIdValidatorTest" time="0.317"/>
  <testcase name="save_nonexistentProductId()" classname="gift.util.ProductIdValidatorTest" time="0.244"/>
  <system-out><![CDATA[2024-08-02T15:21:25.009+09:00  INFO 54127 --- [spring-gift] [    Test worker] t.c.s.AnnotationConfigContextLoaderUtils : Could not detect default configuration classes for test class [gift.util.ProductIdValidatorTest]: ProductIdValidatorTest does not declare any static, non-private, non-final, nested classes annotated with @Configuration.
2024-08-02T15:21:25.021+09:00  INFO 54127 --- [spring-gift] [    Test worker] .b.t.c.SpringBootTestContextBootstrapper : Found @SpringBootConfiguration gift.Application for test class gift.util.ProductIdValidatorTest
Hibernate: select u1_0.id from users u1_0 where u1_0.email=? fetch first ? rows only
Hibernate: insert into users (email,password,point,id) values (?,?,?,default)
Hibernate: select u1_0.id,u1_0.email,u1_0.password,u1_0.point from users u1_0 where u1_0.email=?
Hibernate: insert into product (category_id,image_url,name,price,user_id,id) values (?,?,?,?,?,default)
Hibernate: select o1_0.id,o1_0.name,o1_0.quantity,u1_0.id,u1_0.email,u1_0.password,u1_0.point from option o1_0 left join users u1_0 on u1_0.id=o1_0.user_id where o1_0.id=?
Hibernate: select c1_0.id,c1_0.color,c1_0.description,c1_0.image_url,c1_0.name from category c1_0 where c1_0.id=?
Hibernate: insert into product_option (option_id,option_name,product_id,id) values (?,?,?,default)
Hibernate: select u1_0.id from users u1_0 where u1_0.email=? fetch first ? rows only
Hibernate: insert into users (email,password,point,id) values (?,?,?,default)
Hibernate: select u1_0.id,u1_0.email,u1_0.password,u1_0.point from users u1_0 where u1_0.email=?
Hibernate: insert into product (category_id,image_url,name,price,user_id,id) values (?,?,?,?,?,default)
Hibernate: select o1_0.id,o1_0.name,o1_0.quantity,u1_0.id,u1_0.email,u1_0.password,u1_0.point from option o1_0 left join users u1_0 on u1_0.id=o1_0.user_id where o1_0.id=?
Hibernate: select c1_0.id,c1_0.color,c1_0.description,c1_0.image_url,c1_0.name from category c1_0 where c1_0.id=?
Hibernate: insert into product_option (option_id,option_name,product_id,id) values (?,?,?,default)
Hibernate: select p1_0.id,p1_0.category_id,p1_0.image_url,p1_0.name,p1_0.price,u1_0.id,u1_0.email,u1_0.password,u1_0.point from product p1_0 left join users u1_0 on u1_0.id=p1_0.user_id where p1_0.id=?
]]></system-out>
  <system-err><![CDATA[]]></system-err>
</testsuite>
